/scratch/network/kphan/COS_IW/env/lib/python3.10/site-packages/sklearn/metrics/_classification.py:1471: UndefinedMetricWarning: Precision and F-score are ill-defined and being set to 0.0 in labels with no predicted samples. Use `zero_division` parameter to control this behavior.
  _warn_prf(average, modifier, msg_start, len(result))
/scratch/network/kphan/COS_IW/env/lib/python3.10/site-packages/sklearn/metrics/_classification.py:1471: UndefinedMetricWarning: Precision and F-score are ill-defined and being set to 0.0 in labels with no predicted samples. Use `zero_division` parameter to control this behavior.
  _warn_prf(average, modifier, msg_start, len(result))
/scratch/network/kphan/COS_IW/env/lib/python3.10/site-packages/sklearn/metrics/_classification.py:1471: UndefinedMetricWarning: Precision and F-score are ill-defined and being set to 0.0 in labels with no predicted samples. Use `zero_division` parameter to control this behavior.
  _warn_prf(average, modifier, msg_start, len(result))
Model: /scratch/network/kphan/COS_IW/models/tan_sentiment0
Loss: 0.429097241807914
Acc: 0.7929964539007093
              precision    recall  f1-score   support

           0       0.83      0.74      0.78      1125
           1       0.77      0.85      0.81      1125

    accuracy                           0.80      2250
   macro avg       0.80      0.80      0.79      2250
weighted avg       0.80      0.80      0.79      2250

[[837 288]
 [173 952]]
              precision    recall  f1-score   support

           0       0.50      1.00      0.67      1125
           1       0.00      0.00      0.00      1125

    accuracy                           0.50      2250
   macro avg       0.25      0.50      0.33      2250
weighted avg       0.25      0.50      0.33      2250

              precision    recall  f1-score   support

           0       0.68      0.92      0.78      1125
           1       0.88      0.57      0.69      1125

    accuracy                           0.75      2250
   macro avg       0.78      0.75      0.74      2250
weighted avg       0.78      0.75      0.74      2250

              precision    recall  f1-score   support

           0       0.48      0.82      0.60      1125
           1       0.35      0.10      0.15      1125

    accuracy                           0.46      2250
   macro avg       0.41      0.46      0.38      2250
weighted avg       0.41      0.46      0.38      2250

              precision    recall  f1-score   support

           0       0.68      0.76      0.72      1125
           1       0.73      0.63      0.68      1125

    accuracy                           0.70      2250
   macro avg       0.70      0.70      0.70      2250
weighted avg       0.70      0.70      0.70      2250

[[1125    0]
 [1125    0]]
[[1036   89]
 [ 480  645]]
[[ 923  202]
 [1016  109]]
[[860 265]
 [412 713]]
