Model: /scratch/network/kphan/COS_IW/models/tan_multi3_False
Loss: 0.37903097258709
Acc: 0.8182624113475178
              precision    recall  f1-score   support

           0       0.85      0.77      0.81      1125
           1       0.79      0.87      0.83      1125

    accuracy                           0.82      2250
   macro avg       0.82      0.82      0.82      2250
weighted avg       0.82      0.82      0.82      2250

[[870 255]
 [149 976]]
              precision    recall  f1-score   support

           0       0.72      0.90      0.80      1125
           1       0.86      0.65      0.74      1125

    accuracy                           0.77      2250
   macro avg       0.79      0.77      0.77      2250
weighted avg       0.79      0.77      0.77      2250

              precision    recall  f1-score   support

           0       0.70      0.95      0.81      1125
           1       0.92      0.60      0.72      1125

    accuracy                           0.77      2250
   macro avg       0.81      0.77      0.76      2250
weighted avg       0.81      0.77      0.76      2250

              precision    recall  f1-score   support

           0       0.72      0.85      0.78      1125
           1       0.82      0.67      0.74      1125

    accuracy                           0.76      2250
   macro avg       0.77      0.76      0.76      2250
weighted avg       0.77      0.76      0.76      2250

              precision    recall  f1-score   support

           0       0.70      0.79      0.74      1125
           1       0.76      0.66      0.70      1125

    accuracy                           0.72      2250
   macro avg       0.73      0.72      0.72      2250
weighted avg       0.73      0.72      0.72      2250

[[1011  114]
 [ 398  727]]
[[1066   59]
 [ 454  671]]
[[958 167]
 [373 752]]
[[887 238]
 [384 741]]
