Model: /scratch/network/kphan/COS_IW/models/tan_multi0
Loss: 0.426365556657737
Acc: 0.7992021276595744
              precision    recall  f1-score   support

           0       0.83      0.76      0.79      1125
           1       0.78      0.85      0.81      1125

    accuracy                           0.80      2250
   macro avg       0.80      0.80      0.80      2250
weighted avg       0.80      0.80      0.80      2250

[[852 273]
 [174 951]]
              precision    recall  f1-score   support

           0       0.71      0.88      0.79      1125
           1       0.85      0.64      0.73      1125

    accuracy                           0.76      2250
   macro avg       0.78      0.76      0.76      2250
weighted avg       0.78      0.76      0.76      2250

              precision    recall  f1-score   support

           0       0.69      0.93      0.79      1125
           1       0.89      0.58      0.70      1125

    accuracy                           0.75      2250
   macro avg       0.79      0.75      0.74      2250
weighted avg       0.79      0.75      0.74      2250

              precision    recall  f1-score   support

           0       0.71      0.85      0.78      1125
           1       0.81      0.66      0.73      1125

    accuracy                           0.75      2250
   macro avg       0.76      0.75      0.75      2250
weighted avg       0.76      0.75      0.75      2250

              precision    recall  f1-score   support

           0       0.68      0.77      0.72      1125
           1       0.73      0.64      0.68      1125

    accuracy                           0.70      2250
   macro avg       0.71      0.70      0.70      2250
weighted avg       0.71      0.70      0.70      2250

[[994 131]
 [410 715]]
[[1046   79]
 [ 478  647]]
[[955 170]
 [382 743]]
[[865 260]
 [407 718]]
