Model: /scratch/network/kphan/COS_IW/models/tan_sequential00_False
Loss: 0.38256349916576493
Acc: 0.8164893617021277
              precision    recall  f1-score   support

           0       0.85      0.78      0.81      1125
           1       0.79      0.86      0.83      1125

    accuracy                           0.82      2250
   macro avg       0.82      0.82      0.82      2250
weighted avg       0.82      0.82      0.82      2250

[[872 253]
 [155 970]]
              precision    recall  f1-score   support

           0       0.52      0.85      0.64      1125
           1       0.59      0.21      0.31      1125

    accuracy                           0.53      2250
   macro avg       0.55      0.53      0.48      2250
weighted avg       0.55      0.53      0.48      2250

              precision    recall  f1-score   support

           0       0.70      0.94      0.80      1125
           1       0.91      0.59      0.72      1125

    accuracy                           0.77      2250
   macro avg       0.80      0.77      0.76      2250
weighted avg       0.80      0.77      0.76      2250

              precision    recall  f1-score   support

           0       0.52      0.84      0.64      1125
           1       0.59      0.23      0.33      1125

    accuracy                           0.53      2250
   macro avg       0.55      0.53      0.49      2250
weighted avg       0.55      0.53      0.49      2250

              precision    recall  f1-score   support

           0       0.69      0.77      0.73      1125
           1       0.74      0.66      0.70      1125

    accuracy                           0.72      2250
   macro avg       0.72      0.72      0.72      2250
weighted avg       0.72      0.72      0.72      2250

[[955 170]
 [884 241]]
[[1058   67]
 [ 456  669]]
[[944 181]
 [868 257]]
[[869 256]
 [382 743]]
